<?xml version="1.0" encoding="UTF-8"?>
<!-- Generated by org.testng.reporters.JUnitReportReporter -->
<testsuite hostname="DESKTOP-LN6EBUM" failures="0" tests="3" name="TestNG.SuiteExample" time="10.692" errors="0" timestamp="2022-12-14T16:23:36 IST" skipped="0">
  <testcase classname="TestNG.SuiteExample" name="openyahoo" time="2.391"/>
  <system-out/>
  <testcase classname="TestNG.SuiteExample" name="openbing" time="4.989"/>
  <system-out/>
  <testcase classname="TestNG.SuiteExample" name="opengoogle" time="3.312"/>
  <system-out/>
</testsuite> <!-- TestNG.SuiteExample -->
