<?xml version="1.0" encoding="UTF-8"?>
<!-- Generated by org.testng.reporters.JUnitReportReporter -->
<testsuite hostname="DESKTOP-LN6EBUM" failures="0" tests="1" name="logintestcases.correctpassword" time="7.301" errors="0" timestamp="2022-12-22T17:23:50 IST" skipped="0">
  <testcase classname="logintestcases.correctpassword" name="correctpasswordcred" time="7.301"/>
  <system-out/>
</testsuite> <!-- logintestcases.correctpassword -->
