<?xml version="1.0" encoding="UTF-8"?>
<!-- Generated by org.testng.reporters.JUnitReportReporter -->
<testsuite hostname="DESKTOP-LN6EBUM" failures="0" tests="5" name="TestNG.sampletestcase" time="0.030" errors="0" timestamp="2023-07-14T13:20:35 IST" skipped="0">
  <testcase classname="TestNG.sampletestcase" name="fifthTestCase" time="0.025"/>
  <system-out/>
  <testcase classname="TestNG.sampletestcase" name="fourthTestCase" time="0.002"/>
  <system-out/>
  <testcase classname="TestNG.sampletestcase" name="thirdTestCase" time="0.001"/>
  <system-out/>
  <testcase classname="TestNG.sampletestcase" name="secondTestCase" time="0.001"/>
  <system-out/>
  <testcase classname="TestNG.sampletestcase" name="firstTestCase" time="0.001"/>
  <system-out/>
</testsuite> <!-- TestNG.sampletestcase -->
