<?xml version="1.0" encoding="UTF-8"?>
<!-- Generated by org.testng.reporters.JUnitReportReporter -->
<testsuite hostname="DESKTOP-LN6EBUM" failures="0" tests="4" name="logintestcases.excell" time="68.272" errors="0" timestamp="2023-06-21T13:01:24 IST" skipped="0">
  <testcase classname="logintestcases.excell" name="login" time="20.667"/>
  <system-out/>
  <testcase classname="logintestcases.excell" name="login" time="15.063"/>
  <system-out/>
  <testcase classname="logintestcases.excell" name="login" time="16.122"/>
  <system-out/>
  <testcase classname="logintestcases.excell" name="login" time="16.420"/>
  <system-out/>
</testsuite> <!-- logintestcases.excell -->
