<?xml version="1.0" encoding="UTF-8"?>
<!-- Generated by org.testng.reporters.JUnitReportReporter -->
<testsuite hostname="DESKTOP-LN6EBUM" failures="0" tests="5" name="TestNG.DriveACar" time="0.053" errors="0" timestamp="2023-04-07T18:18:03 IST" skipped="0">
  <testcase classname="TestNG.DriveACar" name="startthecar" time="0.029"/>
  <system-out/>
  <testcase classname="TestNG.DriveACar" name="firstgear" time="0.007"/>
  <system-out/>
  <testcase classname="TestNG.DriveACar" name="secondgear" time="0.004"/>
  <system-out/>
  <testcase classname="TestNG.DriveACar" name="thirdgear" time="0.005"/>
  <system-out/>
  <testcase classname="TestNG.DriveACar" name="fourthgear" time="0.008"/>
  <system-out/>
</testsuite> <!-- TestNG.DriveACar -->
