<?xml version="1.0" encoding="UTF-8"?>
<!-- Generated by org.testng.reporters.JUnitReportReporter -->
<testsuite hostname="DESKTOP-LN6EBUM" failures="0" tests="4" name="logintestcases.Dataprovidereg" time="61.063" errors="0" timestamp="2023-04-21T12:33:28 IST" skipped="0">
  <testcase classname="logintestcases.Dataprovidereg" name="login" time="15.085"/>
  <system-out/>
  <testcase classname="logintestcases.Dataprovidereg" name="login" time="16.464"/>
  <system-out/>
  <testcase classname="logintestcases.Dataprovidereg" name="login" time="15.818"/>
  <system-out/>
  <testcase classname="logintestcases.Dataprovidereg" name="login" time="13.696"/>
  <system-out/>
</testsuite> <!-- logintestcases.Dataprovidereg -->
