<?xml version="1.0" encoding="UTF-8"?>
<!-- Generated by org.testng.reporters.JUnitReportReporter -->
<testsuite hostname="DESKTOP-LN6EBUM" failures="0" tests="3" name="TestNG.DependanciesManagement" time="0.041" errors="0" timestamp="2022-12-16T18:14:11 IST" skipped="0">
  <testcase classname="TestNG.DependanciesManagement" name="highersecondary" time="0.003"/>
  <system-out/>
  <testcase classname="TestNG.DependanciesManagement" name="highschool" time="0.035"/>
  <system-out/>
  <testcase classname="TestNG.DependanciesManagement" name="engg" time="0.003"/>
  <system-out/>
</testsuite> <!-- TestNG.DependanciesManagement -->
