<?xml version="1.0" encoding="UTF-8"?>
<!-- Generated by org.testng.reporters.JUnitReportReporter -->
<testsuite hostname="DESKTOP-LN6EBUM" failures="0" tests="1" name="TestNG.parametereg" time="0.016" errors="0" timestamp="2022-12-16T18:49:44 IST" skipped="0">
  <testcase classname="TestNG.parametereg" name="printname" time="0.016"/>
  <system-out/>
</testsuite> <!-- TestNG.parametereg -->
