<?xml version="1.0" encoding="UTF-8"?>
<!-- Generated by org.testng.reporters.JUnitReportReporter -->
<testsuite hostname="DESKTOP-LN6EBUM" failures="0" tests="4" name="logintestcases.log" time="52.817" errors="0" timestamp="2022-12-22T18:13:46 IST" skipped="0">
  <testcase classname="logintestcases.log" name="login" time="7.568"/>
  <system-out/>
  <testcase classname="logintestcases.log" name="login" time="10.896"/>
  <system-out/>
  <testcase classname="logintestcases.log" name="login" time="24.336"/>
  <system-out/>
  <testcase classname="logintestcases.log" name="login" time="10.017"/>
  <system-out/>
</testsuite> <!-- logintestcases.log -->
