<?xml version="1.0" encoding="UTF-8"?>
<!-- Generated by org.testng.reporters.JUnitReportReporter -->
<testsuite hostname="DESKTOP-LN6EBUM" failures="0" tests="1" name="TestNG.Annotationshierarchyeg" time="0.011" errors="0" timestamp="2022-12-22T15:07:02 IST" skipped="0">
  <testcase classname="TestNG.Annotationshierarchyeg" name="f" time="0.011"/>
  <system-out/>
</testsuite> <!-- TestNG.Annotationshierarchyeg -->
