<?xml version="1.0" encoding="UTF-8"?>
<!-- Generated by org.testng.reporters.JUnitReportReporter -->
<testsuite hostname="DESKTOP-LN6EBUM" failures="0" tests="1" name="TestNG.Assertionseg" time="0.022" errors="0" timestamp="2023-04-07T18:18:02 IST" skipped="0">
  <testcase classname="TestNG.Assertionseg" name="checkequal" time="0.022"/>
  <system-out/>
</testsuite> <!-- TestNG.Assertionseg -->
