<?xml version="1.0" encoding="UTF-8"?>
<!-- Generated by org.testng.reporters.JUnitReportReporter -->
<testsuite hostname="DESKTOP-LN6EBUM" failures="0" tests="4" name="TestNG.Groupingeg" time="0.027" errors="0" timestamp="2022-12-16T18:35:41 IST" skipped="0">
  <testcase classname="TestNG.Groupingeg" name="vivo2" time="0.003"/>
  <system-out/>
  <testcase classname="TestNG.Groupingeg" name="moto1" time="0.017"/>
  <system-out/>
  <testcase classname="TestNG.Groupingeg" name="moto2" time="0.004"/>
  <system-out/>
  <testcase classname="TestNG.Groupingeg" name="vivo1" time="0.003"/>
  <system-out/>
</testsuite> <!-- TestNG.Groupingeg -->
