<?xml version="1.0" encoding="UTF-8"?>
<!-- Generated by org.testng.reporters.JUnitReportReporter -->
<testsuite hostname="DESKTOP-LN6EBUM" failures="0" tests="6" name="TestNG.SkipATestCase" time="0.042" errors="0" timestamp="2022-12-16T18:14:11 IST" skipped="1">
  <testcase classname="TestNG.SkipATestCase" name="startthecar" time="0.006"/>
  <system-out/>
  <testcase classname="TestNG.SkipATestCase" name="firstgear" time="0.003"/>
  <system-out/>
  <testcase classname="TestNG.SkipATestCase" name="secondgear" time="0.003"/>
  <system-out/>
  <testcase classname="TestNG.SkipATestCase" name="thirdgear" time="0.018"/>
  <system-out/>
  <testcase classname="TestNG.SkipATestCase" name="fourthgear" time="0.012"/>
  <system-out/>
  <testcase classname="TestNG.SkipATestCase" name="music">
    <skipped/>
  </testcase> <!-- music -->
  <system-out/>
</testsuite> <!-- TestNG.SkipATestCase -->
